This is pdfTeX, Version 3.1415926-1.40.10 (TeX Live 2009/Debian) (format=pdflatex 2011.4.6)  12 FEB 2013 14:38
entering extended mode
 %&-line parsing enabled.
**tp3.tex
(./tp3.tex
LaTeX2e <2009/09/24>
Babel <v3.8l> and hyphenation patterns for english, usenglishmax, dumylang, noh
yphenation, farsi, arabic, croatian, bulgarian, ukrainian, russian, czech, slov
ak, danish, dutch, finnish, french, basque, ngerman, german, german-x-2009-06-1
9, ngerman-x-2009-06-19, ibycus, monogreek, greek, ancientgreek, hungarian, san
skrit, italian, latin, latvian, lithuanian, mongolian2a, mongolian, bokmal, nyn
orsk, romanian, irish, coptic, serbian, turkish, welsh, esperanto, uppersorbian
, estonian, indonesian, interlingua, icelandic, kurmanji, slovenian, polish, po
rtuguese, spanish, galician, catalan, swedish, ukenglish, pinyin, loaded.
(/usr/share/texmf-texlive/tex/latex/base/article.cls
Document Class: article 2007/10/19 v1.4h Standard LaTeX document class
(/usr/share/texmf-texlive/tex/latex/base/size11.clo
File: size11.clo 2007/10/19 v1.4h Standard LaTeX file (size option)
)
\c@part=\count79
\c@section=\count80
\c@subsection=\count81
\c@subsubsection=\count82
\c@paragraph=\count83
\c@subparagraph=\count84
\c@figure=\count85
\c@table=\count86
\abovecaptionskip=\skip41
\belowcaptionskip=\skip42
\bibindent=\dimen102
)
(/usr/share/texmf-texlive/tex/latex/ltxmisc/url.sty
\Urlmuskip=\muskip10
Package: url 2006/04/12  ver 3.3  Verb mode for urls, etc.
)
(/var/lib/texmf/tex/generic/babel/babel.sty
Package: babel 2008/07/06 v3.8l The Babel package

(/usr/share/texmf-texlive/tex/generic/babel/frenchb.ldf
Language: frenchb 2009/03/16 v2.3d French support from the babel system

(/usr/share/texmf-texlive/tex/generic/babel/babel.def
File: babel.def 2008/07/06 v3.8l Babel common definitions
\babel@savecnt=\count87
\U@D=\dimen103
)
Package babel Info: Making : an active character on input line 120.
Package babel Info: Making ; an active character on input line 121.
Package babel Info: Making ! an active character on input line 122.
Package babel Info: Making ? an active character on input line 123.
\FB@Mht=\dimen104
\std@mcc=\count88
\dec@mcc=\count89
\parindentFFN=\dimen105

*************************************
* Local config file frenchb.cfg used
*
(/usr/share/texmf-texlive/tex/generic/babel/frenchb.cfg)))
(/usr/share/texmf-texlive/tex/latex/carlisle/scalefnt.sty)
(/usr/share/texmf-texlive/tex/latex/graphics/keyval.sty
Package: keyval 1999/03/16 v1.13 key=value parser (DPC)
\KV@toks@=\toks14
)
(/usr/share/texmf-texlive/tex/generic/epsf/epsf.sty
This is `epsf.tex' v2.7.3 <23 July 2005>
\epsffilein=\read1
\epsfframemargin=\dimen106
\epsfframethickness=\dimen107
\epsfrsize=\dimen108
\epsftmp=\dimen109
\epsftsize=\dimen110
\epsfxsize=\dimen111
\epsfysize=\dimen112
\pspoints=\dimen113
) (/usr/share/texmf-texlive/tex/latex/amsmath/amsmath.sty
Package: amsmath 2000/07/18 v2.13 AMS math features
\@mathmargin=\skip43

For additional information on amsmath, use the `?' option.
(/usr/share/texmf-texlive/tex/latex/amsmath/amstext.sty
Package: amstext 2000/06/29 v2.01

(/usr/share/texmf-texlive/tex/latex/amsmath/amsgen.sty
File: amsgen.sty 1999/11/30 v2.0
\@emptytoks=\toks15
\ex@=\dimen114
))
(/usr/share/texmf-texlive/tex/latex/amsmath/amsbsy.sty
Package: amsbsy 1999/11/29 v1.2d
\pmbraise@=\dimen115
)
(/usr/share/texmf-texlive/tex/latex/amsmath/amsopn.sty
Package: amsopn 1999/12/14 v2.01 operator names
)
\inf@bad=\count90
LaTeX Info: Redefining \frac on input line 211.
\uproot@=\count91
\leftroot@=\count92
LaTeX Info: Redefining \overline on input line 307.
\classnum@=\count93
\DOTSCASE@=\count94
LaTeX Info: Redefining \ldots on input line 379.
LaTeX Info: Redefining \dots on input line 382.
LaTeX Info: Redefining \cdots on input line 467.
\Mathstrutbox@=\box26
\strutbox@=\box27
\big@size=\dimen116
LaTeX Font Info:    Redeclaring font encoding OML on input line 567.
LaTeX Font Info:    Redeclaring font encoding OMS on input line 568.
\macc@depth=\count95
\c@MaxMatrixCols=\count96
\dotsspace@=\muskip11
\c@parentequation=\count97
\dspbrk@lvl=\count98
\tag@help=\toks16
\row@=\count99
\column@=\count100
\maxfields@=\count101
\andhelp@=\toks17
\eqnshift@=\dimen117
\alignsep@=\dimen118
\tagshift@=\dimen119
\tagwidth@=\dimen120
\totwidth@=\dimen121
\lineht@=\dimen122
\@envbody=\toks18
\multlinegap=\skip44
\multlinetaggap=\skip45
\mathdisplay@stack=\toks19
LaTeX Info: Redefining \[ on input line 2666.
LaTeX Info: Redefining \] on input line 2667.
)
(/usr/share/texmf-texlive/tex/latex/amsfonts/amsfonts.sty
Package: amsfonts 2009/06/22 v3.00 Basic AMSFonts support
\symAMSa=\mathgroup4
\symAMSb=\mathgroup5
LaTeX Font Info:    Overwriting math alphabet `\mathfrak' in version `bold'
(Font)                  U/euf/m/n --> U/euf/b/n on input line 96.
)
(/usr/share/texmf-texlive/tex/latex/amsfonts/amssymb.sty
Package: amssymb 2009/06/22 v3.00
)
(/usr/share/texmf-texlive/tex/latex/base/inputenc.sty
Package: inputenc 2008/03/30 v1.1d Input encoding file
\inpenc@prehook=\toks20
\inpenc@posthook=\toks21

(/usr/share/texmf-texlive/tex/latex/base/latin1.def
File: latin1.def 2008/03/30 v1.1d Input encoding file
))
(/usr/share/texmf-texlive/tex/latex/base/fontenc.sty
Package: fontenc 2005/09/27 v1.99g Standard LaTeX package

(/usr/share/texmf-texlive/tex/latex/base/t1enc.def
File: t1enc.def 2005/09/27 v1.99g Standard LaTeX file
LaTeX Font Info:    Redeclaring font encoding T1 on input line 43.
))
(/usr/share/texmf-texlive/tex/latex/preprint/fullpage.sty
Package: fullpage 1999/02/23 1.1 (PWD)
\FP@margin=\skip46
)
(/usr/share/texmf-texlive/tex/latex/eepic/epic.sty
Enhancements to Picture Environment. Version 1.2 - Released June 1, 1986
\@@multicnt=\count102
\d@lta=\count103
\@delta=\dimen123
\@@delta=\dimen124
\@gridcnt=\count104
\@joinkind=\count105
\@dotgap=\dimen125
\@ddotgap=\dimen126
\@x@diff=\count106
\@y@diff=\count107
\x@diff=\dimen127
\y@diff=\dimen128
\@dotbox=\box28
\num@segments=\count108
\num@segmentsi=\count109
\@datafile=\read2
) (/usr/share/texmf-texlive/tex/latex/eepic/eepic.sty
Extension to Epic and LaTeX. Version 1.1e - Released Dec 21, 1999
\@gphlinewidth=\count110
\@eepictcnt=\count111
\@tempdimc=\dimen129
\maxovaldiam=\dimen130
\@filltype=\box29
) (/usr/share/texmf-texlive/tex/latex/jknapltx/mathrsfs.sty
Package: mathrsfs 1996/01/01 Math RSFS package v1.0 (jk)
\symrsfs=\mathgroup6
)
(/usr/share/texmf-texlive/tex/latex/base/ifthen.sty
Package: ifthen 2001/05/26 v1.1c Standard LaTeX ifthen package (DPC)
)
(/usr/share/texmf-texlive/tex/latex/graphics/graphics.sty
Package: graphics 2009/02/05 v1.0o Standard LaTeX Graphics (DPC,SPQR)

(/usr/share/texmf-texlive/tex/latex/graphics/trig.sty
Package: trig 1999/03/16 v1.09 sin cos tan (DPC)
)
(/etc/texmf/tex/latex/config/graphics.cfg
File: graphics.cfg 2009/08/28 v1.8 graphics configuration of TeX Live
)
Package graphics Info: Driver file: pdftex.def on input line 91.

(/usr/share/texmf-texlive/tex/latex/pdftex-def/pdftex.def
File: pdftex.def 2009/08/25 v0.04m Graphics/color for pdfTeX
\Gread@gobject=\count112
))
(/usr/share/texmf-texlive/tex/latex/graphics/epsfig.sty
Package: epsfig 1999/02/16 v1.7a (e)psfig emulation (SPQR)

(/usr/share/texmf-texlive/tex/latex/graphics/graphicx.sty
Package: graphicx 1999/02/16 v1.0f Enhanced LaTeX Graphics (DPC,SPQR)
\Gin@req@height=\dimen131
\Gin@req@width=\dimen132
)
\epsfxsize=\dimen133
\epsfysize=\dimen134
)
(/usr/share/texmf-texlive/tex/latex/tools/multicol.sty
Package: multicol 2008/12/05 v1.6h multicolumn formatting (FMi)
\c@tracingmulticols=\count113
\mult@box=\box30
\multicol@leftmargin=\dimen135
\c@unbalance=\count114
\c@collectmore=\count115
\doublecol@number=\count116
\multicoltolerance=\count117
\multicolpretolerance=\count118
\full@width=\dimen136
\page@free=\dimen137
\premulticols=\dimen138
\postmulticols=\dimen139
\multicolsep=\skip47
\multicolbaselineskip=\skip48
\partial@page=\box31
\last@line=\box32
\mult@rightbox=\box33
\mult@grightbox=\box34
\mult@gfirstbox=\box35
\mult@firstbox=\box36
\@tempa=\box37
\@tempa=\box38
\@tempa=\box39
\@tempa=\box40
\@tempa=\box41
\@tempa=\box42
\@tempa=\box43
\@tempa=\box44
\@tempa=\box45
\@tempa=\box46
\@tempa=\box47
\@tempa=\box48
\@tempa=\box49
\@tempa=\box50
\@tempa=\box51
\@tempa=\box52
\@tempa=\box53
\c@columnbadness=\count119
\c@finalcolumnbadness=\count120
\last@try=\dimen140
\multicolovershoot=\dimen141
\multicolundershoot=\dimen142
\mult@nat@firstbox=\box54
\colbreak@box=\box55
)
\c@notation=\count121
\c@abus=\count122
\c@corollary=\count123
\c@theorem=\count124
\c@lemma=\count125
\c@proposition=\count126
\c@convention=\count127
\c@definition=\count128
\deuxpoints=\box56
\infini=\box57
LaTeX Font Info:    Try loading font information for U+msa on input line 107.

(/usr/share/texmf-texlive/tex/latex/amsfonts/umsa.fd
File: umsa.fd 2009/06/22 v3.00 AMS symbols A
)
LaTeX Font Info:    Try loading font information for U+msb on input line 107.

(/usr/share/texmf-texlive/tex/latex/amsfonts/umsb.fd
File: umsb.fd 2009/06/22 v3.00 AMS symbols B
)
LaTeX Font Info:    Try loading font information for U+rsfs on input line 107.

(/usr/share/texmf-texlive/tex/latex/jknapltx/ursfs.fd
File: ursfs.fd 1998/03/24 rsfs font definition file (jk)
)
\c@question_counter=\count129
\c@points_counter=\count130
\c@section_points_counter=\count131
 (./tp3.aux)
\openout1 = `tp3.aux'.

LaTeX Font Info:    Checking defaults for OML/cmm/m/it on input line 158.
LaTeX Font Info:    ... okay on input line 158.
LaTeX Font Info:    Checking defaults for T1/cmr/m/n on input line 158.
LaTeX Font Info:    ... okay on input line 158.
LaTeX Font Info:    Checking defaults for OT1/cmr/m/n on input line 158.
LaTeX Font Info:    ... okay on input line 158.
LaTeX Font Info:    Checking defaults for OMS/cmsy/m/n on input line 158.
LaTeX Font Info:    ... okay on input line 158.
LaTeX Font Info:    Checking defaults for OMX/cmex/m/n on input line 158.
LaTeX Font Info:    ... okay on input line 158.
LaTeX Font Info:    Checking defaults for U/cmr/m/n on input line 158.
LaTeX Font Info:    ... okay on input line 158.
LaTeX Info: Redefining \degres on input line 158.
LaTeX Info: Redefining \dots on input line 158.
LaTeX Info: Redefining \up on input line 158.

(/usr/share/texmf/tex/context/base/supp-pdf.mkii
[Loading MPS to PDF converter (version 2006.09.02).]
\scratchcounter=\count132
\scratchdimen=\dimen143
\scratchbox=\box58
\nofMPsegments=\count133
\nofMParguments=\count134
\everyMPshowfont=\toks22
\MPscratchCnt=\count135
\MPscratchDim=\dimen144
\MPnumerator=\count136
\everyMPtoPDFconversion=\toks23
)
LaTeX Font Info:    Try loading font information for T1+cmtt on input line 171.

 (/usr/share/texmf-texlive/tex/latex/base/t1cmtt.fd
File: t1cmtt.fd 1999/05/25 v2.5h Standard LaTeX font definitions
) [1

{/var/lib/texmf/fonts/map/pdftex/updmap/pdftex.map}] [2] <courbe1.pdf, id=24, 7
22.7pt x 505.89pt>
File: courbe1.pdf Graphic file (type pdf)

<use courbe1.pdf> <courbe2.pdf, id=25, 722.7pt x 505.89pt>
File: courbe2.pdf Graphic file (type pdf)
 <use courbe2.pdf>
[3 <./courbe1.pdf>] <courbe3.pdf, id=35, 722.7pt x 505.89pt>
File: courbe3.pdf Graphic file (type pdf)
 <use courbe3.pdf>
[4 <./courbe2.pdf>] [5 <./courbe3.pdf>]
<courbe4.pdf, id=55, 722.7pt x 505.89pt>
File: courbe4.pdf Graphic file (type pdf)
 <use courbe4.pdf> [6 <./courbe4.pdf>]
[7] (./tp3.aux) ) 
Here is how much of TeX's memory you used:
 3387 strings out of 493848
 40971 string characters out of 1152824
 107043 words of memory out of 3000000
 6592 multiletter control sequences out of 15000+50000
 18922 words of font info for 63 fonts, out of 3000000 for 9000
 714 hyphenation exceptions out of 8191
 27i,5n,24p,220b,349s stack positions out of 5000i,500n,10000p,200000b,50000s
{/usr/share/texmf/fonts/enc/dvips/cm-super/cm-super-t1.enc}</u
sr/share/texmf-texlive/fonts/type1/public/amsfonts/cm/cmex10.pfb></usr/share/te
xmf-texlive/fonts/type1/public/amsfonts/cm/cmmi10.pfb></usr/share/texmf-texlive
/fonts/type1/public/amsfonts/cm/cmmi8.pfb></usr/share/texmf-texlive/fonts/type1
/public/amsfonts/cm/cmr10.pfb></usr/share/texmf-texlive/fonts/type1/public/amsf
onts/cm/cmr5.pfb></usr/share/texmf-texlive/fonts/type1/public/amsfonts/cm/cmr6.
pfb></usr/share/texmf-texlive/fonts/type1/public/amsfonts/cm/cmr7.pfb></usr/sha
re/texmf-texlive/fonts/type1/public/amsfonts/cm/cmr8.pfb></usr/share/texmf-texl
ive/fonts/type1/public/amsfonts/cm/cmsy10.pfb></usr/share/texmf/fonts/type1/pub
lic/cm-super/sfbx1095.pfb></usr/share/texmf/fonts/type1/public/cm-super/sfbx144
0.pfb></usr/share/texmf/fonts/type1/public/cm-super/sfcc1000.pfb></usr/share/te
xmf/fonts/type1/public/cm-super/sfrm1000.pfb></usr/share/texmf/fonts/type1/publ
ic/cm-super/sfrm1095.pfb></usr/share/texmf/fonts/type1/public/cm-super/sftt0900
.pfb></usr/share/texmf/fonts/type1/public/cm-super/sftt1000.pfb></usr/share/tex
mf/fonts/type1/public/cm-super/sftt1095.pfb>
Output written on tp3.pdf (7 pages, 434799 bytes).
PDF statistics:
 123 PDF objects out of 1000 (max. 8388607)
 0 named destinations out of 1000 (max. 500000)
 21 words of extra memory for PDF output out of 10000 (max. 10000000)

