This is pdfTeX, Version 3.1415926-1.40.10 (TeX Live 2009/Debian) (format=latex 2012.12.16)  30 AUG 2013 11:44
entering extended mode
 %&-line parsing enabled.
**main.tex
(./main.tex
LaTeX2e <2009/09/24>
Babel <v3.8l> and hyphenation patterns for english, usenglishmax, dumylang, noh
yphenation, loaded.
(/usr/share/texmf-texlive/tex/latex/base/book.cls
Document Class: book 2007/10/19 v1.4h Standard LaTeX document class
(/usr/share/texmf-texlive/tex/latex/base/bk12.clo
File: bk12.clo 2007/10/19 v1.4h Standard LaTeX file (size option)
)
\c@part=\count79
\c@chapter=\count80
\c@section=\count81
\c@subsection=\count82
\c@subsubsection=\count83
\c@paragraph=\count84
\c@subparagraph=\count85
\c@figure=\count86
\c@table=\count87
\abovecaptionskip=\skip41
\belowcaptionskip=\skip42
\bibindent=\dimen102
)
(/usr/share/texmf-texlive/tex/generic/babel/babel.sty
Package: babel 2008/07/06 v3.8l The Babel package

(/usr/share/texmf-texlive/tex/generic/babel/frenchb.ldf
Language: frenchb 2009/03/16 v2.3d French support from the babel system

(/usr/share/texmf-texlive/tex/generic/babel/babel.def
File: babel.def 2008/07/06 v3.8l Babel common definitions
\babel@savecnt=\count88
\U@D=\dimen103
)

Package babel Warning: No hyphenation patterns were loaded for
(babel)                the language `French'
(babel)                I will use the patterns loaded for \language=0 instead.

\l@french = a dialect from \language0
Package babel Info: Making : an active character on input line 120.
Package babel Info: Making ; an active character on input line 121.
Package babel Info: Making ! an active character on input line 122.
Package babel Info: Making ? an active character on input line 123.
\FB@Mht=\dimen104
\std@mcc=\count89
\dec@mcc=\count90
\parindentFFN=\dimen105
*************************************
* Local config file frenchb.cfg used
*
(/usr/share/texmf-texlive/tex/generic/babel/frenchb.cfg)))
(/usr/share/texmf-texlive/tex/latex/carlisle/scalefnt.sty)
(/usr/share/texmf-texlive/tex/latex/graphics/keyval.sty
Package: keyval 1999/03/16 v1.13 key=value parser (DPC)
\KV@toks@=\toks14
)

! LaTeX Error: File `hevea.sty' not found.

Type X to quit or <RETURN> to proceed,
or enter new name. (Default extension: sty)

Enter file name: 
(/usr/share/texmf-texlive/tex/latex/graphics/graphicx.sty
Package: graphicx 1999/02/16 v1.0f Enhanced LaTeX Graphics (DPC,SPQR)

(/usr/share/texmf-texlive/tex/latex/graphics/graphics.sty
Package: graphics 2009/02/05 v1.0o Standard LaTeX Graphics (DPC,SPQR)

(/usr/share/texmf-texlive/tex/latex/graphics/trig.sty
Package: trig 1999/03/16 v1.09 sin cos tan (DPC)
)
(/etc/texmf/tex/latex/config/graphics.cfg
File: graphics.cfg 2009/08/28 v1.8 graphics configuration of TeX Live
)
Package graphics Info: Driver file: dvips.def on input line 91.

(/usr/share/texmf-texlive/tex/latex/graphics/dvips.def
File: dvips.def 1999/02/16 v3.0i Driver-dependant file (DPC,SPQR)
))
\Gin@req@height=\dimen106
\Gin@req@width=\dimen107
)
(/usr/share/texmf-texlive/tex/latex/base/makeidx.sty
Package: makeidx 2000/03/29 v1.0m Standard LaTeX package
)
\@input{Stuff/style.aux}
\openout2 = `Stuff/style.aux'.

(./Stuff/style.tex (/usr/share/texmf-texlive/tex/latex/preprint/fullpage.sty
Package: fullpage 1999/02/23 1.1 (PWD)
\FP@margin=\skip43
))
(./Stuff/newif.tex) (./Stuff/newcommand.tex) (./Stuff/newenvironment.tex
\c@exercicecounter=\count91
)
(./Stuff/typo.tex)
! Undefined control sequence.
l.28 \htmlhead
              {\epsfbox{Stuff/ustl.ps}}
? 
! Undefined control sequence.
l.28 \htmlhead{\epsfbox
                       {Stuff/ustl.ps}}
? 

! LaTeX Error: Missing \begin{document}.

See the LaTeX manual or LaTeX Companion for explanation.
Type  H <return>  for immediate help.
 ...                                              
                                                  
l.28 \htmlhead{\epsfbox{S
                         tuff/ustl.ps}}
? 
! Undefined control sequence.
l.29 \htmlfoot
              {\input{Stuff/pieddepage}}
? 
(./Stuff/pieddepage.tex

! LaTeX Error: Missing \begin{document}.

See the LaTeX manual or LaTeX Companion for explanation.
Type  H <return>  for immediate help.
 ...                                              
                                                  
l.2 P
     our tout commentaire~: \email{Alexandre Sedoglavic.}{Alexandre.Sedoglav...

? 
)
\c@programme=\count92
\c@definition=\count93


! LaTeX Error: \cuttingunit undefined.

See the LaTeX manual or LaTeX Companion for explanation.
Type  H <return>  for immediate help.
 ...                                              
                                                  
l.35 \renewcommand{\cuttingunit}
                                {section}
? 
\@indexfile=\write3
\openout3 = `main.idx'.

Writing index file main.idx
(./main.aux)
\openout1 = `main.aux'.

LaTeX Font Info:    Checking defaults for OML/cmm/m/it on input line 44.
LaTeX Font Info:    ... okay on input line 44.
LaTeX Font Info:    Checking defaults for T1/cmr/m/n on input line 44.
LaTeX Font Info:    ... okay on input line 44.
LaTeX Font Info:    Checking defaults for OT1/cmr/m/n on input line 44.
LaTeX Font Info:    ... okay on input line 44.
LaTeX Font Info:    Checking defaults for OMS/cmsy/m/n on input line 44.
LaTeX Font Info:    ... okay on input line 44.
LaTeX Font Info:    Checking defaults for OMX/cmex/m/n on input line 44.
LaTeX Font Info:    ... okay on input line 44.
LaTeX Font Info:    Checking defaults for U/cmr/m/n on input line 44.
LaTeX Font Info:    ... okay on input line 44.
LaTeX Info: Redefining \degres on input line 44.
LaTeX Info: Redefining \dots on input line 44.
LaTeX Info: Redefining \up on input line 44.


Package frenchb.ldf Warning: OT1 encoding should not be used for French. 
(frenchb.ldf)                Add \usepackage[T1]{fontenc} to the preamble
(frenchb.ldf)                of your document, on input line 44.


Overfull \hbox (780.06256pt too wide) in paragraph at lines 2--46
[]\OT1/cmr/m/n/12 Pour tout com-men-taire : Alexan-dre Se-doglavic., Alexandre.
Sedoglavic@univ-lille1.fr                                                      
                                                                               
                                                                               
                                                                               
                  [][][][] |
 []

[1



] [2

]
LaTeX Font Info:    External font `cmex10' loaded for size
(Font)              <14.4> on input line 46.
LaTeX Font Info:    External font `cmex10' loaded for size
(Font)              <7> on input line 46.
 [1] [2

] (./TeX/introduction.tex
LaTeX Font Info:    External font `cmex10' loaded for size
(Font)              <12> on input line 14.
LaTeX Font Info:    External font `cmex10' loaded for size
(Font)              <8> on input line 14.
LaTeX Font Info:    External font `cmex10' loaded for size
(Font)              <6> on input line 14.


LaTeX Warning: Citation `KernighanRitchie1986' on page 3 undefined on input lin
e 50.


LaTeX Warning: Citation `Sedgewick2001' on page 3 undefined on input line 51.

)
Underfull \vbox (badness 1033) has occurred while \output is active []

 [3]
[4]
Chapitre 1.
(./TeX/Shell.tex [5

]
Overfull \hbox (142.8098pt too wide) in paragraph at lines 86--89
[]\OT1/cmr/m/n/12 Extrayez de l'archive non com-press^^See celle qui est com-pr
ess^^See (com-mande []\OT1/cmtt/m/n/10 tar xvf <nomarchive> <fichieraextraire>\
OT1/cmr/m/n/12 ). |
 []

[6] [7]
Missing character: There is no ê in font cmr12!
 [8]
Overfull \hbox (0.2665pt too wide) in paragraph at lines 241--245
\OT1/cmr/m/n/12 physique-ment sur des sup-ports diff^^Serents (dis-quettes, cdr
om, dis-ques durs, clefs USB, r^^Seseaux,|
 []

Missing character: There is no ê in font cmr12!
[9] [10]) [11] [12

]
Chapitre 2.
(./TeX/premierspas.tex

! LaTeX Error: File `Verbatim/helloword.c.verb' not found.

Type X to quit or <RETURN> to proceed,
or enter new name. (Default extension: c.verb)

Enter file name: 
[13] [14]

! LaTeX Error: File `Verbatim/return.c.verb' not found.

Type X to quit or <RETURN> to proceed,
or enter new name. (Default extension: c.verb)

Enter file name: 
[15]

! LaTeX Error: File `Verbatim/identificateurs.c.verb' not found.

Type X to quit or <RETURN> to proceed,
or enter new name. (Default extension: c.verb)

Enter file name: 
[16]

! LaTeX Error: File `Verbatim/typageimplicite.c.verb' not found.

Type X to quit or <RETURN> to proceed,
or enter new name. (Default extension: c.verb)

Enter file name: 

Overfull \hbox (1.18454pt too wide) in paragraph at lines 280--283
[]\OT1/cmr/m/n/12 Expliquer pourquoi le pro-gramme suiv-ant :  com-pile mais pr
ovoque une er-reur d'ex^^Secution. |
 []

[17]

! LaTeX Error: File `Verbatim/CharType.c.verb' not found.

Type X to quit or <RETURN> to proceed,
or enter new name. (Default extension: c.verb)

Enter file name: 
[18]

! LaTeX Error: File `Verbatim/affectation.c.verb' not found.

Type X to quit or <RETURN> to proceed,
or enter new name. (Default extension: c.verb)

Enter file name: 

! LaTeX Error: File `Verbatim/suiteexpressions.c.verb' not found.

Type X to quit or <RETURN> to proceed,
or enter new name. (Default extension: c.verb)

Enter file name: 
) [19] [20

]
Chapitre 3.
(./TeX/instructionsdecontrole.tex
LaTeX Font Info:    Font shape `OT1/cmtt/bx/n' in size <12> not available
(Font)              Font shape `OT1/cmtt/m/n' tried instead on input line 13.


! LaTeX Error: File `Verbatim/if.c.verb' not found.

Type X to quit or <RETURN> to proceed,
or enter new name. (Default extension: c.verb)

Enter file name: 
[21] [22]
LaTeX Font Info:    Try loading font information for OMS+cmr on input line 126.

 (/usr/share/texmf-texlive/tex/latex/base/omscmr.fd
File: omscmr.fd 1999/05/25 v2.5h Standard LaTeX font definitions
)
LaTeX Font Info:    Font shape `OMS/cmr/bx/n' in size <12> not available
(Font)              Font shape `OMS/cmsy/b/n' tried instead on input line 126.
 [23] [24]

LaTeX Warning: Citation `Demazure1997' on page 25 undefined on input line 294.

LaTeX Font Info:    Font shape `OMS/cmr/m/n' in size <12> not available
(Font)              Font shape `OMS/cmsy/m/n' tried instead on input line 294.
(./TeX/AffichageEtoiles.tex [25]) (./TeX/SuiteNumeriquementInstable.tex)
(./TeX/PredateursProies.tex [26]
! Undefined control sequence.
l.55 \url
         {http://www.ircam.fr/equipes/analyse-synthese/tassart}{St\'ephan
? 
) [27] (./TeX/FanTan.tex) (./TeX/ConversionFrancEuro.tex)
(./TeX/ConversionTemperature.tex) (./TeX/Zeller.tex [28]) (./TeX/Otan.tex
[29]) (./TeX/Filtre.tex [30] [31])) [32]
Chapitre 4.
(./TeX/recursivite.tex

! LaTeX Error: File `Verbatim/fctsuiteexpressions.c.verb' not found.

Type X to quit or <RETURN> to proceed,
or enter new name. (Default extension: c.verb)

Enter file name: 
[33

] [34]
Overfull \hbox (13.4219pt too wide) in paragraph at lines 141--150
[]\OT1/cmr/m/n/12 Implanter une proc^^Sedure r^^Secursive per-me-t-tant le cal-
cul du plus grand com-mun d^^Senominateur|
 []


Overfull \hbox (108.0pt too wide) detected at line 202
[]|
 []


Overfull \hbox (96.0pt too wide) detected at line 210
[]|
 []


Overfull \hbox (84.0pt too wide) detected at line 218
[]|
 []


Overfull \hbox (72.0pt too wide) detected at line 226
[]|
 []

[35]
Overfull \hbox (29.03777pt too wide) in paragraph at lines 268--273
 \OT1/cmr/bx/n/12 Principe.[] \OT1/cmr/m/n/12 Sup-posons notre probl^^Reme r^^S
esolu pour $[]$ dis-ques i.e. que l'on sache transf^^Serer $[]$|
 []

[36]) [37] [38

]
Chapitre 5.
(./TeX/tableaux.tex [39] [40] [41]
! Undefined control sequence.
l.197   \Ifcorrection
                     
? 

! LaTeX Error: File `Verbatim/JeuDeLaVie.c.verb' not found.

Type X to quit or <RETURN> to proceed,
or enter new name. (Default extension: c.verb)

Enter file name: 
! Extra \fi.
l.201   \fi
           
? 
[42]
Overfull \hbox (10.51917pt too wide) in paragraph at lines 265--268
[][]\OT1/cmr/m/n/12 Ecrivez une proc^^Sedure bas^^See sur la recherche s^^Seque
ntielle qui af-fiche le sens d'une abr^^Seviation|
 []

[43]
Overfull \hbox (11.85947pt too wide) in paragraph at lines 312--314
[]\OT1/cmr/m/n/12 on com-pare notre cl^^Se ^^Ra une abr^^Seviation qui se trouv
e au mi-lieu de la ta-ble des abr^^Seviations; |
 []


! LaTeX Error: File `Verbatim/dico4lettres.h.verb' not found.

Type X to quit or <RETURN> to proceed,
or enter new name. (Default extension: h.verb)

Enter file name: 
[44] [45]) [46]
Chapitre 6.
(./TeX/typescomposes.tex [47

] [48] [49]) [50]
Chapitre 7.
(./TeX/pointeurs.tex [51

]

! LaTeX Error: File `Verbatim/passageParametreTableau.c.verb' not found.

Type X to quit or <RETURN> to proceed,
or enter new name. (Default extension: c.verb)

Enter file name: 
[52] [53]
Overfull \hbox (7.77336pt too wide) in paragraph at lines 183--296
\OT1/cmr/m/n/12 Pour im-planter notre premi^^Rere ^^Setape, on va s'aider d'un 
au-to-mate. Il s'agit d'une repr^^Sesentation|
 []

[54]
Overfull \hbox (11.65099pt too wide) in paragraph at lines 386--421
[]\OT1/cmr/m/n/12 Le tableau suiv-ant in-dique les tran-si-tions ef-fectu^^Sees
 ^^Ra par-tir de l'^^Setat \OT1/cmtt/m/n/12 analyse et d^^Secision\OT1/cmr/m/n/
12 .|
 []

[55]

! LaTeX Error: File `Verbatim/LabyrintheExemple.h.verb' not found.

Type X to quit or <RETURN> to proceed,
or enter new name. (Default extension: h.verb)

Enter file name: 
[56]
Missing character: There is no à in font cmr12!
Missing character: There is no à in font cmr12!


! LaTeX Error: File `Verbatim/dico4lettres.h.verb' not found.

Type X to quit or <RETURN> to proceed,
or enter new name. (Default extension: h.verb)

Enter file name: 
[57]) [58]
Chapitre 8.
(./TeX/structuresAutoreferencees.tex [59

] [60] [61]
Overfull \hbox (6.34143pt too wide) in paragraph at lines 219--222
[]\OT1/cmr/m/n/12 Dans cette sec-tion, nous souhaitons con-stru-ire un pro-gram
me per-me-t-tant par une recherche|
 []

[62]
Overfull \hbox (16.04727pt too wide) in paragraph at lines 254--256
[][]\OT1/cmtt/m/n/10 struct position_t * examiner(struct file_t *) \OT1/cmr/m/n
/12 re-tourne un poin-teur sur la po-si-tion stock^^See|
 []

[63] [64] [65]) [66]
Chapitre 9.
(./TeX/ComplementsFonctions.tex [67

] [68]) [69] [70

]
Annexe A.
(./TeX/synthese.tex [71] [72]
Underfull \vbox (badness 1168) has occurred while \output is active []

 [73]
Overfull \hbox (1.37274pt too wide) in paragraph at lines 188--188
[]\OT1/cmr/bx/n/17.28 Utilisation du clavier d'un t^^Sel^^Sephone en mode SMS |

 []

[74]) [75] [76

]
Annexe B.
(./TeX/odlu.tex
Overfull \hbox (1.2544pt too wide) in paragraph at lines 6--7
 \OT1/cmr/bx/n/12 Principes ^^Sel^^Sementaires de pro-gram-ma-tion mod-u-laire[
] \OT1/cmr/m/n/12 Parmi les r^^Regles com-mun^^Sement|
 []


! LaTeX Error: File `Verbatim/compilSeparee.c.verb' not found.

Type X to quit or <RETURN> to proceed,
or enter new name. (Default extension: c.verb)

Enter file name: 

! LaTeX Error: File `Verbatim/plusgrand.c.verb' not found.

Type X to quit or <RETURN> to proceed,
or enter new name. (Default extension: c.verb)

Enter file name: 
LaTeX Font Info:    Font shape `OT1/cmtt/bx/n' in size <17.28> not available
(Font)              Font shape `OT1/cmtt/m/n' tried instead on input line 51.
[77]
LaTeX Font Info:    Font shape `OT1/cmtt/bx/n' in size <14.4> not available
(Font)              Font shape `OT1/cmtt/m/n' tried instead on input line 98.
 (./TeX/RecapitulatifGDB.tex [78]
Overfull \hbox (7.90022pt too wide) in paragraph at lines 51--72
[][] |
 []


Underfull \vbox (badness 10000) has occurred while \output is active []

 [79]))
[80]
Annexe C.
(./TeX/AccesAuxFichiers.tex [81

] [82] [83]) [84]
Annexe D.
No file main.ind.
No file main.bbl.
[85

] (./main.aux)

LaTeX Warning: There were undefined references.

 ) 
Here is how much of TeX's memory you used:
 1591 strings out of 495062
 21520 string characters out of 1182643
 79659 words of memory out of 3000000
 4682 multiletter control sequences out of 15000+50000
 11658 words of font info for 42 fonts, out of 3000000 for 9000
 28 hyphenation exceptions out of 8191
 25i,15n,24p,248b,424s stack positions out of 5000i,500n,10000p,200000b,50000s

Output written on main.dvi (87 pages, 206828 bytes).
